# JRE version: OpenJDK Runtime Environment Temurin-17.0.4.1+1 (17.0.4.1+1) (build 17.0.4.1+1)
# Java VM: OpenJDK 64-Bit Server VM Temurin-17.0.4.1+1 (17.0.4.1+1, mixed mode, emulated-client, tiered, compressed oops, compressed class ptrs, g1 gc, windows-amd64)
GC Precious Log:
 CPUs: 4 total, 4 available
 Memory: 8072M
 Large Page Support: Disabled
 NUMA Support: Disabled
 Compressed Oops: Enabled (32-bit)
 Heap Region Size: 1M
 Heap Min Capacity: 8M
 Heap Initial Capacity: 128M
 Heap Max Capacity: 2020M
 Pre-touch: Disabled
 Parallel Workers: 4
 Concurrent Workers: 1
 Concurrent Refinement Workers: 4
 Periodic GC: Disabled
Heap:
 garbage-first heap   total 92160K, used 26449K [0x0000000081c00000, 0x0000000100000000)
  region size 1024K, 1 young (1024K), 0 survivors (0K)
 Metaspace       used 46306K, committed 46784K, reserved 1089536K
  class space    used 6282K, committed 6464K, reserved 1048576K
GC Heap History (20 events):
Event: 11471.796 GC heap before
{Heap before GC invocations=1133 (full 1100):
 garbage-first heap   total 92160K, used 26449K [0x0000000081c00000, 0x0000000100000000)
  region size 1024K, 1 young (1024K), 0 survivors (0K)
 Metaspace       used 46306K, committed 46784K, reserved 1089536K
  class space    used 6282K, committed 6464K, reserved 1048576K
}
Event: 11471.842 GC heap after
{Heap after GC invocations=1134 (full 1101):
 garbage-first heap   total 92160K, used 26449K [0x0000000081c00000, 0x0000000100000000)
  region size 1024K, 0 young (0K), 0 survivors (0K)
 Metaspace       used 46306K, committed 46784K, reserved 1089536K
  class space    used 6282K, committed 6464K, reserved 1048576K
}
Event: 11482.031 GC heap before
{Heap before GC invocations=1134 (full 1101):
 garbage-first heap   total 92160K, used 26449K [0x0000000081c00000, 0x0000000100000000)
  region size 1024K, 1 young (1024K), 0 survivors (0K)
 Metaspace       used 46306K, committed 46784K, reserved 1089536K
  class space    used 6282K, committed 6464K, reserved 1048576K
}
Event: 11482.082 GC heap after
{Heap after GC invocations=1135 (full 1102):
 garbage-first heap   total 92160K, used 26449K [0x0000000081c00000, 0x0000000100000000)
  region size 1024K, 0 young (0K), 0 survivors (0K)
 Metaspace       used 46306K, committed 46784K, reserved 1089536K
  class space    used 6282K, committed 6464K, reserved 1048576K
}
Event: 11492.313 GC heap before
{Heap before GC invocations=1135 (full 1102):
 garbage-first heap   total 92160K, used 26449K [0x0000000081c00000, 0x0000000100000000)
  region size 1024K, 1 young (1024K), 0 survivors (0K)
 Metaspace       used 46306K, committed 46784K, reserved 1089536K
  class space    used 6282K, committed 6464K, reserved 1048576K
}
Event: 11492.363 GC heap after
{Heap after GC invocations=1136 (full 1103):
 garbage-first heap   total 92160K, used 26449K [0x0000000081c00000, 0x0000000100000000)
  region size 1024K, 0 young (0K), 0 survivors (0K)
 Metaspace       used 46306K, committed 46784K, reserved 1089536K
  class space    used 6282K, committed 6464K, reserved 1048576K
}
Event: 11502.533 GC heap before
{Heap before GC invocations=1136 (full 1103):
 garbage-first heap   total 92160K, used 26449K [0x0000000081c00000, 0x0000000100000000)
  region size 1024K, 1 young (1024K), 0 survivors (0K)
 Metaspace       used 46306K, committed 46784K, reserved 1089536K
  class space    used 6282K, committed 6464K, reserved 1048576K
}
Event: 11502.575 GC heap after
{Heap after GC invocations=1137 (full 1104):
 garbage-first heap   total 92160K, used 26449K [0x0000000081c00000, 0x0000000100000000)
  region size 1024K, 0 young (0K), 0 survivors (0K)
 Metaspace       used 46306K, committed 46784K, reserved 1089536K
  class space    used 6282K, committed 6464K, reserved 1048576K
}
Event: 11512.752 GC heap before
{Heap before GC invocations=1137 (full 1104):
 garbage-first heap   total 92160K, used 26449K [0x0000000081c00000, 0x0000000100000000)
  region size 1024K, 1 young (1024K), 0 survivors (0K)
 Metaspace       used 46306K, committed 46784K, reserved 1089536K
  class space    used 6282K, committed 6464K, reserved 1048576K
}
Event: 11512.799 GC heap after
{Heap after GC invocations=1138 (full 1105):
 garbage-first heap   total 92160K, used 26449K [0x0000000081c00000, 0x0000000100000000)
  region size 1024K, 0 young (0K), 0 survivors (0K)
 Metaspace       used 46306K, committed 46784K, reserved 1089536K
  class space    used 6282K, committed 6464K, reserved 1048576K
}
Event: 11523.013 GC heap before
{Heap before GC invocations=1138 (full 1105):
 garbage-first heap   total 92160K, used 26449K [0x0000000081c00000, 0x0000000100000000)
  region size 1024K, 1 young (1024K), 0 survivors (0K)
 Metaspace       used 46306K, committed 46784K, reserved 1089536K
  class space    used 6282K, committed 6464K, reserved 1048576K
}
Event: 11523.067 GC heap after
{Heap after GC invocations=1139 (full 1106):
 garbage-first heap   total 92160K, used 26449K [0x0000000081c00000, 0x0000000100000000)
  region size 1024K, 0 young (0K), 0 survivors (0K)
 Metaspace       used 46306K, committed 46784K, reserved 1089536K
  class space    used 6282K, committed 6464K, reserved 1048576K
}
Event: 11533.290 GC heap before
{Heap before GC invocations=1139 (full 1106):
 garbage-first heap   total 92160K, used 26449K [0x0000000081c00000, 0x0000000100000000)
  region size 1024K, 1 young (1024K), 0 survivors (0K)
 Metaspace       used 46306K, committed 46784K, reserved 1089536K
  class space    used 6282K, committed 6464K, reserved 1048576K
}
Event: 11533.347 GC heap after
{Heap after GC invocations=1140 (full 1107):
 garbage-first heap   total 92160K, used 26449K [0x0000000081c00000, 0x0000000100000000)
  region size 1024K, 0 young (0K), 0 survivors (0K)
 Metaspace       used 46306K, committed 46784K, reserved 1089536K
  class space    used 6282K, committed 6464K, reserved 1048576K
}
Event: 11543.512 GC heap before
{Heap before GC invocations=1140 (full 1107):
 garbage-first heap   total 92160K, used 26449K [0x0000000081c00000, 0x0000000100000000)
  region size 1024K, 1 young (1024K), 0 survivors (0K)
 Metaspace       used 46306K, committed 46784K, reserved 1089536K
  class space    used 6282K, committed 6464K, reserved 1048576K
}
Event: 11543.559 GC heap after
{Heap after GC invocations=1141 (full 1108):
 garbage-first heap   total 92160K, used 26449K [0x0000000081c00000, 0x0000000100000000)
  region size 1024K, 0 young (0K), 0 survivors (0K)
 Metaspace       used 46306K, committed 46784K, reserved 1089536K
  class space    used 6282K, committed 6464K, reserved 1048576K
}
Event: 11554.021 GC heap before
{Heap before GC invocations=1141 (full 1108):
 garbage-first heap   total 92160K, used 26449K [0x0000000081c00000, 0x0000000100000000)
  region size 1024K, 1 young (1024K), 0 survivors (0K)
 Metaspace       used 46306K, committed 46784K, reserved 1089536K
  class space    used 6282K, committed 6464K, reserved 1048576K
}
Event: 11554.082 GC heap after
{Heap after GC invocations=1142 (full 1109):
 garbage-first heap   total 92160K, used 26449K [0x0000000081c00000, 0x0000000100000000)
  region size 1024K, 0 young (0K), 0 survivors (0K)
 Metaspace       used 46306K, committed 46784K, reserved 1089536K
  class space    used 6282K, committed 6464K, reserved 1048576K
}
Event: 11564.363 GC heap before
{Heap before GC invocations=1142 (full 1109):
 garbage-first heap   total 92160K, used 26449K [0x0000000081c00000, 0x0000000100000000)
  region size 1024K, 1 young (1024K), 0 survivors (0K)
 Metaspace       used 46306K, committed 46784K, reserved 1089536K
  class space    used 6282K, committed 6464K, reserved 1048576K
}
Event: 11564.425 GC heap after
{Heap after GC invocations=1143 (full 1110):
 garbage-first heap   total 92160K, used 26449K [0x0000000081c00000, 0x0000000100000000)
  region size 1024K, 0 young (0K), 0 survivors (0K)
 Metaspace       used 46306K, committed 46784K, reserved 1089536K
  class space    used 6282K, committed 6464K, reserved 1048576K
}

